# JRE version: Java(TM) SE Runtime Environment (17.0.4.1+1) (build 17.0.4.1+1-LTS-2)
# Java VM: Java HotSpot(TM) 64-Bit Server VM (17.0.4.1+1-LTS-2, mixed mode, emulated-client, sharing, tiered, compressed oops, compressed class ptrs, g1 gc, windows-amd64)
GC Precious Log:
 CPUs: 4 total, 4 available
 Memory: 6042M
 Large Page Support: Disabled
 NUMA Support: Disabled
 Compressed Oops: Enabled (32-bit)
 Heap Region Size: 1M
 Heap Min Capacity: 8M
 Heap Initial Capacity: 96M
 Heap Max Capacity: 1512M
 Pre-touch: Disabled
 Parallel Workers: 4
 Concurrent Workers: 1
 Concurrent Refinement Workers: 4
 Periodic GC: Disabled
Heap:
 garbage-first heap   total 48128K, used 23169K [0x00000000a1800000, 0x0000000100000000)
  region size 1024K, 6 young (6144K), 2 survivors (2048K)
 Metaspace       used 55068K, committed 55488K, reserved 1097728K
  class space    used 7696K, committed 7872K, reserved 1048576K
GC Heap History (20 events):
Event: 15.796 GC heap before
{Heap before GC invocations=3 (full 0):
 garbage-first heap   total 98304K, used 58980K [0x00000000a1800000, 0x0000000100000000)
  region size 1024K, 54 young (55296K), 3 survivors (3072K)
 Metaspace       used 21231K, committed 21504K, reserved 1073152K
  class space    used 2872K, committed 3008K, reserved 1048576K
}
Event: 15.824 GC heap after
{Heap after GC invocations=4 (full 0):
 garbage-first heap   total 98304K, used 11926K [0x00000000a1800000, 0x0000000100000000)
  region size 1024K, 6 young (6144K), 6 survivors (6144K)
 Metaspace       used 21231K, committed 21504K, reserved 1073152K
  class space    used 2872K, committed 3008K, reserved 1048576K
}
Event: 18.103 GC heap before
{Heap before GC invocations=5 (full 0):
 garbage-first heap   total 48128K, used 37526K [0x00000000a1800000, 0x0000000100000000)
  region size 1024K, 32 young (32768K), 6 survivors (6144K)
 Metaspace       used 26163K, committed 26496K, reserved 1073152K
  class space    used 3530K, committed 3712K, reserved 1048576K
}
Event: 18.122 GC heap after
{Heap after GC invocations=6 (full 0):
 garbage-first heap   total 48128K, used 14270K [0x00000000a1800000, 0x0000000100000000)
  region size 1024K, 6 young (6144K), 6 survivors (6144K)
 Metaspace       used 26163K, committed 26496K, reserved 1073152K
  class space    used 3530K, committed 3712K, reserved 1048576K
}
Event: 18.347 GC heap before
{Heap before GC invocations=6 (full 0):
 garbage-first heap   total 48128K, used 14270K [0x00000000a1800000, 0x0000000100000000)
  region size 1024K, 7 young (7168K), 6 survivors (6144K)
 Metaspace       used 26348K, committed 26688K, reserved 1073152K
  class space    used 3552K, committed 3712K, reserved 1048576K
}
Event: 18.367 GC heap after
{Heap after GC invocations=7 (full 0):
 garbage-first heap   total 48128K, used 15071K [0x00000000a1800000, 0x0000000100000000)
  region size 1024K, 1 young (1024K), 1 survivors (1024K)
 Metaspace       used 26348K, committed 26688K, reserved 1073152K
  class space    used 3552K, committed 3712K, reserved 1048576K
}
Event: 20.271 GC heap before
{Heap before GC invocations=7 (full 0):
 garbage-first heap   total 48128K, used 32479K [0x00000000a1800000, 0x0000000100000000)
  region size 1024K, 19 young (19456K), 1 survivors (1024K)
 Metaspace       used 31170K, committed 31552K, reserved 1081344K
  class space    used 4282K, committed 4480K, reserved 1048576K
}
Event: 20.274 GC heap after
{Heap after GC invocations=8 (full 0):
 garbage-first heap   total 48128K, used 15211K [0x00000000a1800000, 0x0000000100000000)
  region size 1024K, 2 young (2048K), 2 survivors (2048K)
 Metaspace       used 31170K, committed 31552K, reserved 1081344K
  class space    used 4282K, committed 4480K, reserved 1048576K
}
Event: 23.504 GC heap before
{Heap before GC invocations=8 (full 0):
 garbage-first heap   total 48128K, used 26475K [0x00000000a1800000, 0x0000000100000000)
  region size 1024K, 14 young (14336K), 2 survivors (2048K)
 Metaspace       used 35999K, committed 36288K, reserved 1081344K
  class space    used 4997K, committed 5120K, reserved 1048576K
}
Event: 23.507 GC heap after
{Heap after GC invocations=9 (full 0):
 garbage-first heap   total 48128K, used 15828K [0x00000000a1800000, 0x0000000100000000)
  region size 1024K, 2 young (2048K), 2 survivors (2048K)
 Metaspace       used 35999K, committed 36288K, reserved 1081344K
  class space    used 4997K, committed 5120K, reserved 1048576K
}
Event: 25.109 GC heap before
{Heap before GC invocations=10 (full 0):
 garbage-first heap   total 48128K, used 35284K [0x00000000a1800000, 0x0000000100000000)
  region size 1024K, 21 young (21504K), 2 survivors (2048K)
 Metaspace       used 40796K, committed 41152K, reserved 1089536K
  class space    used 5661K, committed 5824K, reserved 1048576K
}
Event: 25.114 GC heap after
{Heap after GC invocations=11 (full 0):
 garbage-first heap   total 48128K, used 16589K [0x00000000a1800000, 0x0000000100000000)
  region size 1024K, 2 young (2048K), 2 survivors (2048K)
 Metaspace       used 40796K, committed 41152K, reserved 1089536K
  class space    used 5661K, committed 5824K, reserved 1048576K
}
Event: 28.460 GC heap before
{Heap before GC invocations=11 (full 0):
 garbage-first heap   total 48128K, used 36045K [0x00000000a1800000, 0x0000000100000000)
  region size 1024K, 21 young (21504K), 2 survivors (2048K)
 Metaspace       used 45059K, committed 45440K, reserved 1089536K
  class space    used 6344K, committed 6464K, reserved 1048576K
}
Event: 28.464 GC heap after
{Heap after GC invocations=12 (full 0):
 garbage-first heap   total 48128K, used 17473K [0x00000000a1800000, 0x0000000100000000)
  region size 1024K, 3 young (3072K), 3 survivors (3072K)
 Metaspace       used 45059K, committed 45440K, reserved 1089536K
  class space    used 6344K, committed 6464K, reserved 1048576K
}
Event: 29.576 GC heap before
{Heap before GC invocations=12 (full 0):
 garbage-first heap   total 48128K, used 36929K [0x00000000a1800000, 0x0000000100000000)
  region size 1024K, 22 young (22528K), 3 survivors (3072K)
 Metaspace       used 48373K, committed 48768K, reserved 1097728K
  class space    used 6837K, committed 7040K, reserved 1048576K
}
Event: 29.596 GC heap after
{Heap after GC invocations=13 (full 0):
 garbage-first heap   total 48128K, used 19423K [0x00000000a1800000, 0x0000000100000000)
  region size 1024K, 3 young (3072K), 3 survivors (3072K)
 Metaspace       used 48373K, committed 48768K, reserved 1097728K
  class space    used 6837K, committed 7040K, reserved 1048576K
}
Event: 84.242 GC heap before
{Heap before GC invocations=13 (full 0):
 garbage-first heap   total 48128K, used 36831K [0x00000000a1800000, 0x0000000100000000)
  region size 1024K, 20 young (20480K), 3 survivors (3072K)
 Metaspace       used 51545K, committed 51968K, reserved 1097728K
  class space    used 7236K, committed 7424K, reserved 1048576K
}
Event: 84.249 GC heap after
{Heap after GC invocations=14 (full 0):
 garbage-first heap   total 48128K, used 20343K [0x00000000a1800000, 0x0000000100000000)
  region size 1024K, 2 young (2048K), 2 survivors (2048K)
 Metaspace       used 51545K, committed 51968K, reserved 1097728K
  class space    used 7236K, committed 7424K, reserved 1048576K
}
Event: 98.627 GC heap before
{Heap before GC invocations=14 (full 0):
 garbage-first heap   total 48128K, used 35703K [0x00000000a1800000, 0x0000000100000000)
  region size 1024K, 18 young (18432K), 2 survivors (2048K)
 Metaspace       used 54515K, committed 54976K, reserved 1097728K
  class space    used 7611K, committed 7808K, reserved 1048576K
}
Event: 98.633 GC heap after
{Heap after GC invocations=15 (full 0):
 garbage-first heap   total 48128K, used 21121K [0x00000000a1800000, 0x0000000100000000)
  region size 1024K, 2 young (2048K), 2 survivors (2048K)
 Metaspace       used 54515K, committed 54976K, reserved 1097728K
  class space    used 7611K, committed 7808K, reserved 1048576K
}

